0 info it worked if it ends with ok
1 verbose cli [ 'node', '/usr/local/bin/npm', 'install' ]
2 info using npm@1.2.32
3 info using node@v0.10.12
4 verbose read json /Users/mlapierre/Development/cordova-qnxcar/blackberry10/package.json
5 verbose readDependencies using package.json deps
6 verbose install where, deps [ '/Users/mlapierre/Development/cordova-qnxcar/blackberry10',
6 verbose install   [ 'jWorkflow',
6 verbose install     'commander',
6 verbose install     'localize',
6 verbose install     'zip',
6 verbose install     'xml2js',
6 verbose install     'validator',
6 verbose install     'wrench',
6 verbose install     'shelljs',
6 verbose install     'elementtree',
6 verbose install     'prompt',
6 verbose install     'async',
6 verbose install     'jake',
6 verbose install     'jasmine-node' ] ]
7 verbose from cache /Users/mlapierre/Development/cordova-qnxcar/blackberry10/package.json
8 info preinstall cordova-blackberry@0.0.1
9 verbose read json /Users/mlapierre/Development/cordova-qnxcar/blackberry10/node_modules/commander/package.json
10 verbose read json /Users/mlapierre/Development/cordova-qnxcar/blackberry10/node_modules/elementtree/package.json
11 verbose read json /Users/mlapierre/Development/cordova-qnxcar/blackberry10/node_modules/jWorkflow/package.json
12 verbose read json /Users/mlapierre/Development/cordova-qnxcar/blackberry10/node_modules/jake/package.json
13 verbose read json /Users/mlapierre/Development/cordova-qnxcar/blackberry10/node_modules/jasmine-node/package.json
14 verbose read json /Users/mlapierre/Development/cordova-qnxcar/blackberry10/node_modules/localize/package.json
15 verbose read json /Users/mlapierre/Development/cordova-qnxcar/blackberry10/node_modules/plugman/package.json
16 verbose read json /Users/mlapierre/Development/cordova-qnxcar/blackberry10/node_modules/shelljs/package.json
17 verbose read json /Users/mlapierre/Development/cordova-qnxcar/blackberry10/node_modules/validator/package.json
18 verbose read json /Users/mlapierre/Development/cordova-qnxcar/blackberry10/node_modules/wrench/package.json
19 verbose read json /Users/mlapierre/Development/cordova-qnxcar/blackberry10/node_modules/xml2js/package.json
20 verbose read json /Users/mlapierre/Development/cordova-qnxcar/blackberry10/node_modules/zip/package.json
21 warn package.json jWorkflow@0.8.0 No repository field.
22 warn package.json localize@0.4.2 No repository field.
23 verbose from cache /Users/mlapierre/Development/cordova-qnxcar/blackberry10/package.json
24 verbose readDependencies using package.json deps
25 verbose from cache /Users/mlapierre/Development/cordova-qnxcar/blackberry10/node_modules/commander/package.json
26 verbose from cache /Users/mlapierre/Development/cordova-qnxcar/blackberry10/node_modules/elementtree/package.json
27 verbose from cache /Users/mlapierre/Development/cordova-qnxcar/blackberry10/node_modules/jWorkflow/package.json
28 verbose from cache /Users/mlapierre/Development/cordova-qnxcar/blackberry10/node_modules/jake/package.json
29 verbose from cache /Users/mlapierre/Development/cordova-qnxcar/blackberry10/node_modules/jasmine-node/package.json
30 verbose from cache /Users/mlapierre/Development/cordova-qnxcar/blackberry10/node_modules/localize/package.json
31 verbose from cache /Users/mlapierre/Development/cordova-qnxcar/blackberry10/node_modules/plugman/package.json
32 verbose from cache /Users/mlapierre/Development/cordova-qnxcar/blackberry10/node_modules/shelljs/package.json
33 verbose from cache /Users/mlapierre/Development/cordova-qnxcar/blackberry10/node_modules/validator/package.json
34 verbose from cache /Users/mlapierre/Development/cordova-qnxcar/blackberry10/node_modules/wrench/package.json
35 verbose from cache /Users/mlapierre/Development/cordova-qnxcar/blackberry10/node_modules/xml2js/package.json
36 verbose from cache /Users/mlapierre/Development/cordova-qnxcar/blackberry10/node_modules/zip/package.json
37 verbose already installed skipping jWorkflow@0.8.0 /Users/mlapierre/Development/cordova-qnxcar/blackberry10
38 verbose already installed skipping commander@0.5.2 /Users/mlapierre/Development/cordova-qnxcar/blackberry10
39 verbose already installed skipping localize@*0.4.2 /Users/mlapierre/Development/cordova-qnxcar/blackberry10
40 verbose already installed skipping zip@0.0.6 /Users/mlapierre/Development/cordova-qnxcar/blackberry10
41 verbose already installed skipping xml2js@0.1.13 /Users/mlapierre/Development/cordova-qnxcar/blackberry10
42 verbose cache add [ 'wrench@1.4.4', null ]
43 verbose cache add name=undefined spec="wrench@1.4.4" args=["wrench@1.4.4",null]
44 verbose parsed url { protocol: null,
44 verbose parsed url   slashes: null,
44 verbose parsed url   auth: null,
44 verbose parsed url   host: null,
44 verbose parsed url   port: null,
44 verbose parsed url   hostname: null,
44 verbose parsed url   hash: null,
44 verbose parsed url   search: null,
44 verbose parsed url   query: null,
44 verbose parsed url   pathname: 'wrench@1.4.4',
44 verbose parsed url   path: 'wrench@1.4.4',
44 verbose parsed url   href: 'wrench@1.4.4' }
45 verbose cache add name="wrench" spec="1.4.4" args=["wrench","1.4.4"]
46 verbose parsed url { protocol: null,
46 verbose parsed url   slashes: null,
46 verbose parsed url   auth: null,
46 verbose parsed url   host: null,
46 verbose parsed url   port: null,
46 verbose parsed url   hostname: null,
46 verbose parsed url   hash: null,
46 verbose parsed url   search: null,
46 verbose parsed url   query: null,
46 verbose parsed url   pathname: '1.4.4',
46 verbose parsed url   path: '1.4.4',
46 verbose parsed url   href: '1.4.4' }
47 verbose addNamed [ 'wrench', '1.4.4' ]
48 verbose addNamed [ '1.4.4', '1.4.4' ]
49 verbose already installed skipping validator@0.4.1 /Users/mlapierre/Development/cordova-qnxcar/blackberry10
50 verbose cache add [ 'shelljs@0.1.3', null ]
51 verbose cache add name=undefined spec="shelljs@0.1.3" args=["shelljs@0.1.3",null]
52 verbose parsed url { protocol: null,
52 verbose parsed url   slashes: null,
52 verbose parsed url   auth: null,
52 verbose parsed url   host: null,
52 verbose parsed url   port: null,
52 verbose parsed url   hostname: null,
52 verbose parsed url   hash: null,
52 verbose parsed url   search: null,
52 verbose parsed url   query: null,
52 verbose parsed url   pathname: 'shelljs@0.1.3',
52 verbose parsed url   path: 'shelljs@0.1.3',
52 verbose parsed url   href: 'shelljs@0.1.3' }
53 verbose cache add name="shelljs" spec="0.1.3" args=["shelljs","0.1.3"]
54 verbose parsed url { protocol: null,
54 verbose parsed url   slashes: null,
54 verbose parsed url   auth: null,
54 verbose parsed url   host: null,
54 verbose parsed url   port: null,
54 verbose parsed url   hostname: null,
54 verbose parsed url   hash: null,
54 verbose parsed url   search: null,
54 verbose parsed url   query: null,
54 verbose parsed url   pathname: '0.1.3',
54 verbose parsed url   path: '0.1.3',
54 verbose parsed url   href: '0.1.3' }
55 verbose addNamed [ 'shelljs', '0.1.3' ]
56 verbose addNamed [ '0.1.3', '0.1.3' ]
57 silly lockFile 7dc20a40-wrench-1-4-4 wrench@1.4.4
58 verbose lock wrench@1.4.4 /Users/mlapierre/.npm/7dc20a40-wrench-1-4-4.lock
59 silly lockFile b4cc6355-shelljs-0-1-3 shelljs@0.1.3
60 verbose lock shelljs@0.1.3 /Users/mlapierre/.npm/b4cc6355-shelljs-0-1-3.lock
61 verbose already installed skipping elementtree@0.1.5 /Users/mlapierre/Development/cordova-qnxcar/blackberry10
62 verbose cache add [ 'async@0.2.9', null ]
63 verbose cache add name=undefined spec="async@0.2.9" args=["async@0.2.9",null]
64 verbose parsed url { protocol: null,
64 verbose parsed url   slashes: null,
64 verbose parsed url   auth: null,
64 verbose parsed url   host: null,
64 verbose parsed url   port: null,
64 verbose parsed url   hostname: null,
64 verbose parsed url   hash: null,
64 verbose parsed url   search: null,
64 verbose parsed url   query: null,
64 verbose parsed url   pathname: 'async@0.2.9',
64 verbose parsed url   path: 'async@0.2.9',
64 verbose parsed url   href: 'async@0.2.9' }
65 verbose cache add name="async" spec="0.2.9" args=["async","0.2.9"]
66 verbose parsed url { protocol: null,
66 verbose parsed url   slashes: null,
66 verbose parsed url   auth: null,
66 verbose parsed url   host: null,
66 verbose parsed url   port: null,
66 verbose parsed url   hostname: null,
66 verbose parsed url   hash: null,
66 verbose parsed url   search: null,
66 verbose parsed url   query: null,
66 verbose parsed url   pathname: '0.2.9',
66 verbose parsed url   path: '0.2.9',
66 verbose parsed url   href: '0.2.9' }
67 verbose addNamed [ 'async', '0.2.9' ]
68 verbose addNamed [ '0.2.9', '0.2.9' ]
69 silly lockFile be62480b-async-0-2-9 async@0.2.9
70 verbose lock async@0.2.9 /Users/mlapierre/.npm/be62480b-async-0-2-9.lock
71 verbose cache add [ 'prompt@0.2.11', null ]
72 verbose cache add name=undefined spec="prompt@0.2.11" args=["prompt@0.2.11",null]
73 verbose parsed url { protocol: null,
73 verbose parsed url   slashes: null,
73 verbose parsed url   auth: null,
73 verbose parsed url   host: null,
73 verbose parsed url   port: null,
73 verbose parsed url   hostname: null,
73 verbose parsed url   hash: null,
73 verbose parsed url   search: null,
73 verbose parsed url   query: null,
73 verbose parsed url   pathname: 'prompt@0.2.11',
73 verbose parsed url   path: 'prompt@0.2.11',
73 verbose parsed url   href: 'prompt@0.2.11' }
74 verbose cache add name="prompt" spec="0.2.11" args=["prompt","0.2.11"]
75 verbose parsed url { protocol: null,
75 verbose parsed url   slashes: null,
75 verbose parsed url   auth: null,
75 verbose parsed url   host: null,
75 verbose parsed url   port: null,
75 verbose parsed url   hostname: null,
75 verbose parsed url   hash: null,
75 verbose parsed url   search: null,
75 verbose parsed url   query: null,
75 verbose parsed url   pathname: '0.2.11',
75 verbose parsed url   path: '0.2.11',
75 verbose parsed url   href: '0.2.11' }
76 verbose addNamed [ 'prompt', '0.2.11' ]
77 verbose addNamed [ '0.2.11', '0.2.11' ]
78 silly lockFile 61856ab9-prompt-0-2-11 prompt@0.2.11
79 verbose lock prompt@0.2.11 /Users/mlapierre/.npm/61856ab9-prompt-0-2-11.lock
80 verbose already installed skipping jake@* /Users/mlapierre/Development/cordova-qnxcar/blackberry10
81 verbose already installed skipping jasmine-node@1.7.1 /Users/mlapierre/Development/cordova-qnxcar/blackberry10
82 silly lockFile 7dc20a40-wrench-1-4-4 wrench@1.4.4
83 error Error: EACCES, open '/Users/mlapierre/.npm/7dc20a40-wrench-1-4-4.lock'
83 error  { [Error: EACCES, open '/Users/mlapierre/.npm/7dc20a40-wrench-1-4-4.lock']
83 error   errno: 3,
83 error   code: 'EACCES',
83 error   path: '/Users/mlapierre/.npm/7dc20a40-wrench-1-4-4.lock' }
84 error Please try running this command again as root/Administrator.
85 error System Darwin 11.4.2
86 error command "node" "/usr/local/bin/npm" "install"
87 error cwd /Users/mlapierre/Development/cordova-qnxcar/blackberry10
88 error node -v v0.10.12
89 error npm -v 1.2.32
90 error path /Users/mlapierre/.npm/7dc20a40-wrench-1-4-4.lock
91 error code EACCES
92 error errno 3
93 error stack Error: EACCES, open '/Users/mlapierre/.npm/7dc20a40-wrench-1-4-4.lock'
94 verbose exit [ 3, true ]
